<?xml version="1.0" encoding="UTF-8"?>
<coverage generated="1624515466609" clover="3.2.0">
  <project timestamp="1624515466609" name="All files">
    <metrics statements="1" coveredstatements="1" conditionals="0" coveredconditionals="0" methods="1" coveredmethods="1" elements="2" coveredelements="2" complexity="0" loc="1" ncloc="1" packages="1" files="1" classes="1"/>
    <file name="Home.jsx" path="/home/ashique/TUTS/socket.io-chat-with-tests/client/src/Home/Home.jsx">
      <metrics statements="1" coveredstatements="1" conditionals="0" coveredconditionals="0" methods="1" coveredmethods="1"/>
      <line num="7" count="1" type="stmt"/>
    </file>
  </project>
</coverage>
