{"/home/ashique/TUTS/socket.io-chat-with-tests/client/src/Home/Home.jsx": {"path":"/home/ashique/TUTS/socket.io-chat-with-tests/client/src/Home/Home.jsx","statementMap":{"0":{"start":{"line":7,"column":4},"end":{"line":9,"column":5}}},"fnMap":{"0":{"name":"Home","decl":{"start":{"line":6,"column":9},"end":{"line":6,"column":13}},"loc":{"start":{"line":6,"column":16},"end":{"line":10,"column":1}},"line":6}},"branchMap":{},"s":{"0":1},"f":{"0":1},"b":{},"_coverageSchema":"1a1c01bbd47fc00a2c39e90264f33305004495a9","hash":"3296f3b632aaf8f6fd06fbc34128bf4ad6162d5d"}
}
